
=============== [2013/11/21 23:25:37, net.neoremind.sshxcute.core.SSHExec.<clinit>:80] ====================

[23:25:37] INFO:    SSHExec initializing ...
[23:25:37] INFO:    Session initialized and associated with user credential admin
[23:25:37] INFO:    SSHExec initialized successfully
[23:25:37] INFO:    SSHExec trying to connect admin@192.168.119.134
[23:25:39] INFO:    SSH connection established
[23:25:39] INFO:    Command is ls
[23:25:39] INFO:    Connection channel established succesfully
[23:25:39] INFO:    Start to run command
[23:25:39] INFO:    Desktop
Documents
Downloads
Music
Pictures
Public
Templates
Videos
zj

[23:25:39] INFO:    Connection channel closed
[23:25:39] INFO:    Check if exec success or not ... 
[23:25:39] INFO:    Execute successfully for command: ls
[23:25:39] INFO:    Now wait 5 seconds to begin next task ...
[23:25:44] INFO:    Connection channel disconnect
[23:25:44] INFO:    SSH connection shutdown

=============== [2013/11/21 23:26:11, net.neoremind.sshxcute.core.SSHExec.<clinit>:80] ====================

[23:26:11] INFO:    SSHExec initializing ...
[23:26:11] INFO:    Session initialized and associated with user credential admin
[23:26:11] INFO:    SSHExec initialized successfully
[23:26:11] INFO:    SSHExec trying to connect admin@192.168.119.134
[23:26:12] INFO:    SSH connection established
[23:26:12] INFO:    Command is cd file
[23:26:12] INFO:    Connection channel established succesfully
[23:26:12] INFO:    Start to run command
[23:26:12] INFO:    Connection channel closed
[23:26:12] INFO:    Check if exec success or not ... 
[23:26:12] INFO:    Execution failed while executing command: cd file
[23:26:12] INFO:    Error message: bash: line 0: cd: file: No such file or directory
[23:26:12] INFO:    Now wait 5 seconds to begin next task ...
[23:26:17] INFO:    Connection channel disconnect
[23:26:17] INFO:    SSH connection shutdown
